0 info it worked if it ends with ok
1 verbose cli [ 'node',
1 verbose cli   '/usr/local/bin/npm',
1 verbose cli   'install',
1 verbose cli   'karma-jasmine',
1 verbose cli   'karma-chrome-launcher',
1 verbose cli   '==save-dev' ]
2 info using npm@3.9.3
3 info using node@v0.10.25
4 verbose node symlink /usr/bin/node
5 silly loadCurrentTree Starting
6 silly install loadCurrentTree
7 silly install readLocalPackageData
8 silly fetchPackageMetaData karma-jasmine
9 silly fetchPackageMetaData karma-chrome-launcher
10 silly fetchPackageMetaData ==save-dev
11 silly fetchNamedPackageData karma-jasmine
12 silly mapToRegistry name karma-jasmine
13 silly mapToRegistry using default registry
14 silly mapToRegistry registry https://registry.npmjs.org/
15 silly mapToRegistry data { raw: 'karma-jasmine',
15 silly mapToRegistry   scope: null,
15 silly mapToRegistry   name: 'karma-jasmine',
15 silly mapToRegistry   rawSpec: '',
15 silly mapToRegistry   spec: 'latest',
15 silly mapToRegistry   type: 'tag' }
16 silly mapToRegistry uri https://registry.npmjs.org/karma-jasmine
17 silly fetchNamedPackageData karma-chrome-launcher
18 silly mapToRegistry name karma-chrome-launcher
19 silly mapToRegistry using default registry
20 silly mapToRegistry registry https://registry.npmjs.org/
21 silly mapToRegistry data { raw: 'karma-chrome-launcher',
21 silly mapToRegistry   scope: null,
21 silly mapToRegistry   name: 'karma-chrome-launcher',
21 silly mapToRegistry   rawSpec: '',
21 silly mapToRegistry   spec: 'latest',
21 silly mapToRegistry   type: 'tag' }
22 silly mapToRegistry uri https://registry.npmjs.org/karma-chrome-launcher
23 silly fetchOtherPackageData ==save-dev
24 silly cache add args [ '==save-dev', null ]
25 verbose cache add spec ==save-dev
26 verbose request uri https://registry.npmjs.org/karma-jasmine
27 verbose request no auth needed
28 info attempt registry request try #1 at 21:36:04
29 verbose request id ce9d8e684e737d3e
30 http request GET https://registry.npmjs.org/karma-jasmine
31 verbose request uri https://registry.npmjs.org/karma-chrome-launcher
32 verbose request no auth needed
33 info attempt registry request try #1 at 21:36:04
34 http request GET https://registry.npmjs.org/karma-chrome-launcher
35 silly cache add parsed spec { raw: '==save-dev',
35 silly cache add   scope: null,
35 silly cache add   name: null,
35 silly cache add   rawSpec: '==save-dev',
35 silly cache add   spec: '/media/nishi/Nishi/LinuxWorkspace/Git_Repositories/AngularJS_and_BootstrapCSS_DEMO_Application/==save-dev',
35 silly cache add   type: 'local' }
36 error addLocal Could not install /media/nishi/Nishi/LinuxWorkspace/Git_Repositories/AngularJS_and_BootstrapCSS_DEMO_Application/==save-dev
37 silly fetchPackageMetaData Error: ENOENT, open '/media/nishi/Nishi/LinuxWorkspace/Git_Repositories/AngularJS_and_BootstrapCSS_DEMO_Application/==save-dev'
37 silly fetchPackageMetaData  error for ==save-dev { [Error: ENOENT, open '/media/nishi/Nishi/LinuxWorkspace/Git_Repositories/AngularJS_and_BootstrapCSS_DEMO_Application/==save-dev']
37 silly fetchPackageMetaData   errno: 34,
37 silly fetchPackageMetaData   code: 'ENOENT',
37 silly fetchPackageMetaData   path: '/media/nishi/Nishi/LinuxWorkspace/Git_Repositories/AngularJS_and_BootstrapCSS_DEMO_Application/==save-dev' }
38 http 200 https://registry.npmjs.org/karma-jasmine
39 verbose headers { server: 'CouchDB/1.5.0 (Erlang OTP/R16B03)',
39 verbose headers   etag: '"3GS8WSO5810SHZSBFX2QIIEP1"',
39 verbose headers   'content-type': 'application/json',
39 verbose headers   'content-encoding': 'gzip',
39 verbose headers   'cache-control': 'max-age=300',
39 verbose headers   'content-length': '6110',
39 verbose headers   'accept-ranges': 'bytes',
39 verbose headers   date: 'Mon, 30 May 2016 16:06:06 GMT',
39 verbose headers   via: '1.1 varnish',
39 verbose headers   age: '109',
39 verbose headers   connection: 'keep-alive',
39 verbose headers   'x-served-by': 'cache-lhr6321-LHR',
39 verbose headers   'x-cache': 'HIT',
39 verbose headers   'x-cache-hits': '1',
39 verbose headers   'x-timer': 'S1464624366.853352,VS0,VE0',
39 verbose headers   vary: 'Accept-Encoding' }
40 silly get cb [ 200,
40 silly get   { server: 'CouchDB/1.5.0 (Erlang OTP/R16B03)',
40 silly get     etag: '"3GS8WSO5810SHZSBFX2QIIEP1"',
40 silly get     'content-type': 'application/json',
40 silly get     'content-encoding': 'gzip',
40 silly get     'cache-control': 'max-age=300',
40 silly get     'content-length': '6110',
40 silly get     'accept-ranges': 'bytes',
40 silly get     date: 'Mon, 30 May 2016 16:06:06 GMT',
40 silly get     via: '1.1 varnish',
40 silly get     age: '109',
40 silly get     connection: 'keep-alive',
40 silly get     'x-served-by': 'cache-lhr6321-LHR',
40 silly get     'x-cache': 'HIT',
40 silly get     'x-cache-hits': '1',
40 silly get     'x-timer': 'S1464624366.853352,VS0,VE0',
40 silly get     vary: 'Accept-Encoding' } ]
41 verbose get saving karma-jasmine to /home/nishi/.npm/registry.npmjs.org/karma-jasmine/.cache.json
42 verbose correctMkdir /home/nishi/.npm correctMkdir not in flight; initializing
43 http 200 https://registry.npmjs.org/karma-chrome-launcher
44 verbose headers { server: 'CouchDB/1.5.0 (Erlang OTP/R16B03)',
44 verbose headers   etag: '"BZAVIQIH3A1MG5TE19WTZM3R8"',
44 verbose headers   'content-type': 'application/json',
44 verbose headers   'content-encoding': 'gzip',
44 verbose headers   'cache-control': 'max-age=300',
44 verbose headers   'content-length': '5714',
44 verbose headers   'accept-ranges': 'bytes',
44 verbose headers   date: 'Mon, 30 May 2016 16:06:06 GMT',
44 verbose headers   via: '1.1 varnish',
44 verbose headers   age: '238',
44 verbose headers   connection: 'keep-alive',
44 verbose headers   'x-served-by': 'cache-ams4138-AMS',
44 verbose headers   'x-cache': 'HIT',
44 verbose headers   'x-cache-hits': '4',
44 verbose headers   'x-timer': 'S1464624366.856435,VS0,VE0',
44 verbose headers   vary: 'Accept-Encoding' }
45 silly get cb [ 200,
45 silly get   { server: 'CouchDB/1.5.0 (Erlang OTP/R16B03)',
45 silly get     etag: '"BZAVIQIH3A1MG5TE19WTZM3R8"',
45 silly get     'content-type': 'application/json',
45 silly get     'content-encoding': 'gzip',
45 silly get     'cache-control': 'max-age=300',
45 silly get     'content-length': '5714',
45 silly get     'accept-ranges': 'bytes',
45 silly get     date: 'Mon, 30 May 2016 16:06:06 GMT',
45 silly get     via: '1.1 varnish',
45 silly get     age: '238',
45 silly get     connection: 'keep-alive',
45 silly get     'x-served-by': 'cache-ams4138-AMS',
45 silly get     'x-cache': 'HIT',
45 silly get     'x-cache-hits': '4',
45 silly get     'x-timer': 'S1464624366.856435,VS0,VE0',
45 silly get     vary: 'Accept-Encoding' } ]
46 verbose get saving karma-chrome-launcher to /home/nishi/.npm/registry.npmjs.org/karma-chrome-launcher/.cache.json
47 verbose correctMkdir /home/nishi/.npm correctMkdir not in flight; initializing
48 silly rollbackFailedOptional Starting
49 silly rollbackFailedOptional Finishing
50 silly runTopLevelLifecycles Starting
51 silly runTopLevelLifecycles Finishing
52 silly install printInstalled
53 verbose stack Error: ENOENT, open '/media/nishi/Nishi/LinuxWorkspace/Git_Repositories/AngularJS_and_BootstrapCSS_DEMO_Application/==save-dev'
54 verbose cwd /media/nishi/Nishi/LinuxWorkspace/Git_Repositories/AngularJS_and_BootstrapCSS_DEMO_Application
55 error Linux 3.19.0-51-generic
56 error argv "node" "/usr/local/bin/npm" "install" "karma-jasmine" "karma-chrome-launcher" "==save-dev"
57 error node v0.10.25
58 error npm  v3.9.3
59 error path /media/nishi/Nishi/LinuxWorkspace/Git_Repositories/AngularJS_and_BootstrapCSS_DEMO_Application/==save-dev
60 error code ENOENT
61 error errno 34
62 error enoent ENOENT, open '/media/nishi/Nishi/LinuxWorkspace/Git_Repositories/AngularJS_and_BootstrapCSS_DEMO_Application/==save-dev'
63 error enoent ENOENT, open '/media/nishi/Nishi/LinuxWorkspace/Git_Repositories/AngularJS_and_BootstrapCSS_DEMO_Application/==save-dev'
63 error enoent This is most likely not a problem with npm itself
63 error enoent and is related to npm not being able to find a file.
64 verbose exit [ 34, true ]
